<?xml version="1.0" encoding="UTF-8"?>
<testsuite xmlns:xsi="http://www.w3.org/2001/XMLSchema-instance" xsi:noNamespaceSchemaLocation="https://maven.apache.org/surefire/maven-surefire-plugin/xsd/surefire-test-report-3.0.xsd" version="3.0" name="com.phegondev.PhegonHotel.PhegonHotelApplicationTests" time="8.629" tests="1" errors="0" skipped="0" failures="0">
  <properties>
[...]
</properties>
  <testcase name="contextLoads" classname="com.phegondev.PhegonHotel.PhegonHotelApplicationTests" time="0.688">
    <system-out><![CDATA[11:31:42.644 [main] INFO org.springframework.test.context.support.AnnotationConfigContextLoaderUtils -- Could not detect default configuration classes for test class [com.phegondev.PhegonHotel.PhegonHotelApplicationTests]: PhegonHotelApplicationTests does not declare any static, non-private, non-final, nested classes annotated with @Configuration.
11:31:42.769 [main] INFO org.springframework.boot.test.context.SpringBootTestContextBootstrapper -- Found @SpringBootConfiguration com.phegondev.PhegonHotel.PhegonHotelApplication for test class com.phegondev.PhegonHotel.PhegonHotelApplicationTests
11:31:42.956 [main] INFO org.springframework.boot.devtools.restart.RestartApplicationListener -- Restart disabled due to context in which it is running
  .   ____          _            __ _ _
 /\\ / ___'_ __ _ _(_)_ __  __ _ \ \ \ \
( ( )\___ | '_ | '_| | '_ \/ _` | \ \ \ \
 \\/  ___)| |_)| | | | | || (_| |  ) ) ) )
  '  |____| .__|_| |_|_| |_\__, | / / / /
 =========|_|==============|___/=/_/_/_/

 :: Spring Boot ::                (v3.3.0)

2024-12-29T11:31:43.402+05:30  INFO 11568 --- [PhegonHotel] [           main] c.p.P.PhegonHotelApplicationTests        : Starting PhegonHotelApplicationTests using Java 22.0.2 with PID 11568 (started by Dell in D:\hotel\phegon-hotel-booking-and-management\backend)
2024-12-29T11:31:43.404+05:30  INFO 11568 --- [PhegonHotel] [           main] c.p.P.PhegonHotelApplicationTests        : No active profile set, falling back to 1 default profile: "default"
2024-12-29T11:31:44.464+05:30  INFO 11568 --- [PhegonHotel] [           main] .s.d.r.c.RepositoryConfigurationDelegate : Bootstrapping Spring Data JPA repositories in DEFAULT mode.
2024-12-29T11:31:44.557+05:30  INFO 11568 --- [PhegonHotel] [           main] .s.d.r.c.RepositoryConfigurationDelegate : Finished Spring Data repository scanning in 62 ms. Found 3 JPA repository interfaces.
2024-12-29T11:31:45.323+05:30  INFO 11568 --- [PhegonHotel] [           main] o.hibernate.jpa.internal.util.LogHelper  : HHH000204: Processing PersistenceUnitInfo [name: default]
2024-12-29T11:31:45.432+05:30  INFO 11568 --- [PhegonHotel] [           main] org.hibernate.Version                    : HHH000412: Hibernate ORM core version 6.5.2.Final
2024-12-29T11:31:45.511+05:30  INFO 11568 --- [PhegonHotel] [           main] o.h.c.internal.RegionFactoryInitiator    : HHH000026: Second-level cache disabled
2024-12-29T11:31:45.839+05:30  INFO 11568 --- [PhegonHotel] [           main] o.s.o.j.p.SpringPersistenceUnitInfo      : No LoadTimeWeaver setup: ignoring JPA class transformer
2024-12-29T11:31:45.870+05:30  INFO 11568 --- [PhegonHotel] [           main] com.zaxxer.hikari.HikariDataSource       : HikariPool-1 - Starting...
2024-12-29T11:31:46.245+05:30  INFO 11568 --- [PhegonHotel] [           main] com.zaxxer.hikari.pool.HikariPool        : HikariPool-1 - Added connection com.mysql.cj.jdbc.ConnectionImpl@4110ffe5
2024-12-29T11:31:46.261+05:30  INFO 11568 --- [PhegonHotel] [           main] com.zaxxer.hikari.HikariDataSource       : HikariPool-1 - Start completed.
2024-12-29T11:31:46.386+05:30  WARN 11568 --- [PhegonHotel] [           main] org.hibernate.orm.deprecation            : HHH90000025: MySQLDialect does not need to be specified explicitly using 'hibernate.dialect' (remove the property setting and it will be selected by default)
2024-12-29T11:31:47.458+05:30  INFO 11568 --- [PhegonHotel] [           main] o.h.e.t.j.p.i.JtaPlatformInitiator       : HHH000489: No JTA platform available (set 'hibernate.transaction.jta.platform' to enable JTA platform integration)
2024-12-29T11:31:47.599+05:30  INFO 11568 --- [PhegonHotel] [           main] j.LocalContainerEntityManagerFactoryBean : Initialized JPA EntityManagerFactory for persistence unit 'default'
2024-12-29T11:31:48.255+05:30  INFO 11568 --- [PhegonHotel] [           main] eAuthenticationProviderManagerConfigurer : Global AuthenticationManager configured with AuthenticationProvider bean with name authenticationProvider
2024-12-29T11:31:48.271+05:30  WARN 11568 --- [PhegonHotel] [           main] r$InitializeUserDetailsManagerConfigurer : Global AuthenticationManager configured with an AuthenticationProvider bean. UserDetailsService beans will not be used for username/password login. Consider removing the AuthenticationProvider bean. Alternatively, consider using the UserDetailsService in a manually instantiated DaoAuthenticationProvider.
2024-12-29T11:31:48.333+05:30  INFO 11568 --- [PhegonHotel] [           main] o.s.d.j.r.query.QueryEnhancerFactory     : Hibernate is in classpath; If applicable, HQL parser will be used.
2024-12-29T11:31:49.255+05:30  WARN 11568 --- [PhegonHotel] [           main] JpaBaseConfiguration$JpaWebConfiguration : spring.jpa.open-in-view is enabled by default. Therefore, database queries may be performed during view rendering. Explicitly configure spring.jpa.open-in-view to disable this warning
2024-12-29T11:31:49.833+05:30  INFO 11568 --- [PhegonHotel] [           main] o.s.s.web.DefaultSecurityFilterChain     : Will secure any request with [org.springframework.security.web.session.DisableEncodeUrlFilter@661409ed, org.springframework.security.web.context.request.async.WebAsyncManagerIntegrationFilter@176ba277, org.springframework.security.web.context.SecurityContextHolderFilter@50242325, org.springframework.security.web.header.HeaderWriterFilter@10e25b2a, org.springframework.web.filter.CorsFilter@473dbad, org.springframework.security.web.authentication.logout.LogoutFilter@6b1bacf5, com.phegondev.PhegonHotel.security.JWTAuthFilter@4691e2f5, org.springframework.security.web.savedrequest.RequestCacheAwareFilter@3cc8f1c, org.springframework.security.web.servletapi.SecurityContextHolderAwareRequestFilter@de58d71, org.springframework.security.web.authentication.AnonymousAuthenticationFilter@2447e2e, org.springframework.security.web.session.SessionManagementFilter@33015d51, org.springframework.security.web.access.ExceptionTranslationFilter@5dc09bca, org.springframework.security.web.access.intercept.AuthorizationFilter@7c81b1e1]
2024-12-29T11:31:50.349+05:30  INFO 11568 --- [PhegonHotel] [           main] c.p.P.PhegonHotelApplicationTests        : Started PhegonHotelApplicationTests in 7.408 seconds (process running for 11.389)
]]></system-out>
    <system-err><![CDATA[WARNING: A Java agent has been loaded dynamically (C:\Users\Dell\.m2\repository\net\bytebuddy\byte-buddy-agent\1.14.16\byte-buddy-agent-1.14.16.jar)
WARNING: If a serviceability tool is in use, please run with -XX:+EnableDynamicAgentLoading to hide this warning
WARNING: If a serviceability tool is not in use, please run with -Djdk.instrument.traceUsage for more information
WARNING: Dynamic loading of agents will be disallowed by default in a future release
]]></system-err>
  </testcase>
</testsuite>